mode: set
github.com/bishal7679/Booking-app/internal/render/render.go:22.39,24.2 1 1
github.com/bishal7679/Booking-app/internal/render/render.go:26.84,32.2 5 1
github.com/bishal7679/Booking-app/internal/render/render.go:33.105,36.18 2 1
github.com/bishal7679/Booking-app/internal/render/render.go:36.18,39.3 1 0
github.com/bishal7679/Booking-app/internal/render/render.go:39.8,41.3 1 1
github.com/bishal7679/Booking-app/internal/render/render.go:43.2,44.9 2 1
github.com/bishal7679/Booking-app/internal/render/render.go:44.9,47.3 1 1
github.com/bishal7679/Booking-app/internal/render/render.go:49.2,52.16 4 0
github.com/bishal7679/Booking-app/internal/render/render.go:52.16,54.3 1 0
github.com/bishal7679/Booking-app/internal/render/render.go:55.2,56.16 2 0
github.com/bishal7679/Booking-app/internal/render/render.go:56.16,59.3 2 0
github.com/bishal7679/Booking-app/internal/render/render.go:61.2,61.12 1 0
github.com/bishal7679/Booking-app/internal/render/render.go:65.67,69.16 3 1
github.com/bishal7679/Booking-app/internal/render/render.go:69.16,71.3 1 0
github.com/bishal7679/Booking-app/internal/render/render.go:73.2,73.29 1 1
github.com/bishal7679/Booking-app/internal/render/render.go:73.29,77.17 3 1
github.com/bishal7679/Booking-app/internal/render/render.go:77.17,79.4 1 0
github.com/bishal7679/Booking-app/internal/render/render.go:81.3,82.17 2 1
github.com/bishal7679/Booking-app/internal/render/render.go:82.17,84.4 1 0
github.com/bishal7679/Booking-app/internal/render/render.go:86.3,86.23 1 1
github.com/bishal7679/Booking-app/internal/render/render.go:86.23,88.18 2 1
github.com/bishal7679/Booking-app/internal/render/render.go:88.18,90.5 1 0
github.com/bishal7679/Booking-app/internal/render/render.go:91.4,91.22 1 1
github.com/bishal7679/Booking-app/internal/render/render.go:95.2,95.21 1 1
