mode: set
github.com/bishal7679/Booking-app/internal/handlers/handler.go:24.47,28.2 1 1
github.com/bishal7679/Booking-app/internal/handlers/handler.go:31.33,33.2 1 1
github.com/bishal7679/Booking-app/internal/handlers/handler.go:36.67,41.2 1 1
github.com/bishal7679/Booking-app/internal/handlers/handler.go:44.68,54.2 1 1
github.com/bishal7679/Booking-app/internal/handlers/handler.go:57.73,60.2 1 1
github.com/bishal7679/Booking-app/internal/handlers/handler.go:62.73,74.2 4 1
github.com/bishal7679/Booking-app/internal/handlers/handler.go:76.77,80.16 2 1
github.com/bishal7679/Booking-app/internal/handlers/handler.go:80.16,83.3 2 0
github.com/bishal7679/Booking-app/internal/handlers/handler.go:114.2,138.19 6 1
github.com/bishal7679/Booking-app/internal/handlers/handler.go:138.19,148.3 4 0
github.com/bishal7679/Booking-app/internal/handlers/handler.go:149.2,150.62 2 1
github.com/bishal7679/Booking-app/internal/handlers/handler.go:154.72,156.2 1 1
github.com/bishal7679/Booking-app/internal/handlers/handler.go:158.68,160.2 1 1
github.com/bishal7679/Booking-app/internal/handlers/handler.go:162.71,164.2 1 1
github.com/bishal7679/Booking-app/internal/handlers/handler.go:166.73,168.2 1 1
github.com/bishal7679/Booking-app/internal/handlers/handler.go:171.70,173.2 1 1
github.com/bishal7679/Booking-app/internal/handlers/handler.go:176.73,178.2 1 1
github.com/bishal7679/Booking-app/internal/handlers/handler.go:181.70,190.2 4 1
github.com/bishal7679/Booking-app/internal/handlers/handler.go:192.74,195.16 2 1
github.com/bishal7679/Booking-app/internal/handlers/handler.go:195.16,198.3 2 0
github.com/bishal7679/Booking-app/internal/handlers/handler.go:200.2,210.19 5 1
github.com/bishal7679/Booking-app/internal/handlers/handler.go:210.19,220.3 4 0
github.com/bishal7679/Booking-app/internal/handlers/handler.go:220.8,222.3 1 1
github.com/bishal7679/Booking-app/internal/handlers/handler.go:226.77,228.9 2 1
github.com/bishal7679/Booking-app/internal/handlers/handler.go:228.9,233.3 3 1
github.com/bishal7679/Booking-app/internal/handlers/handler.go:234.2,239.4 4 0
